c:\users\admin\source\repos\自我成就系统\自我成就系统\debug\vc142.pdb
c:\users\admin\source\repos\自我成就系统\自我成就系统\debug\vc142.idb
c:\users\admin\source\repos\自我成就系统\自我成就系统\debug\自我成就系统.obj
c:\users\admin\source\repos\自我成就系统\自我成就系统\debug\自我成就系统.obj.enc
c:\users\admin\source\repos\自我成就系统\debug\自我成就系统.pdb
c:\users\admin\source\repos\自我成就系统\自我成就系统\debug\自我成就系统.tlog\cl.command.1.tlog
c:\users\admin\source\repos\自我成就系统\自我成就系统\debug\自我成就系统.tlog\cl.read.1.tlog
c:\users\admin\source\repos\自我成就系统\自我成就系统\debug\自我成就系统.tlog\cl.write.1.tlog
c:\users\admin\source\repos\自我成就系统\自我成就系统\debug\自我成就系统.tlog\link-cvtres.read.1.tlog
c:\users\admin\source\repos\自我成就系统\自我成就系统\debug\自我成就系统.tlog\link-cvtres.write.1.tlog
c:\users\admin\source\repos\自我成就系统\自我成就系统\debug\自我成就系统.tlog\link-rc.read.1.tlog
c:\users\admin\source\repos\自我成就系统\自我成就系统\debug\自我成就系统.tlog\link-rc.write.1.tlog
c:\users\admin\source\repos\自我成就系统\自我成就系统\debug\自我成就系统.tlog\link.5936-cvtres.read.1.tlog
c:\users\admin\source\repos\自我成就系统\自我成就系统\debug\自我成就系统.tlog\link.5936-cvtres.write.1.tlog
c:\users\admin\source\repos\自我成就系统\自我成就系统\debug\自我成就系统.tlog\link.5936-rc.read.1.tlog
c:\users\admin\source\repos\自我成就系统\自我成就系统\debug\自我成就系统.tlog\link.5936-rc.write.1.tlog
c:\users\admin\source\repos\自我成就系统\自我成就系统\debug\自我成就系统.tlog\link.5936.read.1.tlog
c:\users\admin\source\repos\自我成就系统\自我成就系统\debug\自我成就系统.tlog\link.5936.write.1.tlog
c:\users\admin\source\repos\自我成就系统\自我成就系统\debug\自我成就系统.tlog\link.command.1.tlog
c:\users\admin\source\repos\自我成就系统\自我成就系统\debug\自我成就系统.tlog\link.read.1.tlog
c:\users\admin\source\repos\自我成就系统\自我成就系统\debug\自我成就系统.tlog\link.write.1.tlog
c:\users\admin\source\repos\自我成就系统\自我成就系统\debug\自我成就系统.tlog\rc.command.1.tlog
c:\users\admin\source\repos\自我成就系统\自我成就系统\debug\自我成就系统.tlog\rc.read.1.tlog
c:\users\admin\source\repos\自我成就系统\自我成就系统\debug\自我成就系统.tlog\rc.write.1.tlog
